{"/home/travis/build/sdescarries/mp3dupes/src/mp3dupes.js": {"path":"/home/travis/build/sdescarries/mp3dupes/src/mp3dupes.js","statementMap":{"0":{"start":{"line":1,"column":33},"end":{"line":1,"column":59}},"1":{"start":{"line":2,"column":16},"end":{"line":2,"column":36}},"2":{"start":{"line":3,"column":11},"end":{"line":3,"column":30}},"3":{"start":{"line":4,"column":12},"end":{"line":4,"column":28}},"4":{"start":{"line":5,"column":16},"end":{"line":5,"column":35}},"5":{"start":{"line":6,"column":20},"end":{"line":6,"column":39}},"6":{"start":{"line":7,"column":17},"end":{"line":7,"column":36}},"7":{"start":{"line":8,"column":14},"end":{"line":8,"column":30}},"8":{"start":{"line":9,"column":19},"end":{"line":9,"column":47}},"9":{"start":{"line":10,"column":11},"end":{"line":10,"column":36}},"10":{"start":{"line":13,"column":2},"end":{"line":21,"column":3}},"11":{"start":{"line":25,"column":2},"end":{"line":31,"column":3}},"12":{"start":{"line":26,"column":15},"end":{"line":26,"column":53}},"13":{"start":{"line":27,"column":15},"end":{"line":27,"column":53}},"14":{"start":{"line":28,"column":4},"end":{"line":28,"column":21}},"15":{"start":{"line":30,"column":4},"end":{"line":30,"column":40}},"16":{"start":{"line":35,"column":2},"end":{"line":45,"column":5}},"17":{"start":{"line":36,"column":30},"end":{"line":36,"column":37}},"18":{"start":{"line":37,"column":15},"end":{"line":40,"column":6}},"19":{"start":{"line":41,"column":4},"end":{"line":44,"column":7}},"20":{"start":{"line":42,"column":6},"end":{"line":42,"column":22}},"21":{"start":{"line":43,"column":6},"end":{"line":43,"column":17}},"22":{"start":{"line":49,"column":17},"end":{"line":49,"column":40}},"23":{"start":{"line":50,"column":2},"end":{"line":52,"column":3}},"24":{"start":{"line":51,"column":4},"end":{"line":51,"column":38}},"25":{"start":{"line":58,"column":4},"end":{"line":61,"column":18}},"26":{"start":{"line":59,"column":19},"end":{"line":59,"column":29}},"27":{"start":{"line":60,"column":6},"end":{"line":60,"column":36}},"28":{"start":{"line":64,"column":2},"end":{"line":71,"column":17}},"29":{"start":{"line":78,"column":6},"end":{"line":78,"column":13}},"30":{"start":{"line":80,"column":2},"end":{"line":83,"column":3}},"31":{"start":{"line":81,"column":4},"end":{"line":81,"column":19}},"32":{"start":{"line":82,"column":4},"end":{"line":82,"column":11}},"33":{"start":{"line":85,"column":18},"end":{"line":87,"column":18}},"34":{"start":{"line":89,"column":15},"end":{"line":89,"column":29}},"35":{"start":{"line":91,"column":2},"end":{"line":91,"column":50}},"36":{"start":{"line":92,"column":2},"end":{"line":96,"column":3}},"37":{"start":{"line":93,"column":4},"end":{"line":95,"column":5}},"38":{"start":{"line":94,"column":6},"end":{"line":94,"column":24}},"39":{"start":{"line":98,"column":13},"end":{"line":100,"column":3}},"40":{"start":{"line":104,"column":2},"end":{"line":112,"column":3}},"41":{"start":{"line":105,"column":4},"end":{"line":111,"column":9}},"42":{"start":{"line":114,"column":12},"end":{"line":114,"column":13}},"43":{"start":{"line":115,"column":16},"end":{"line":115,"column":18}},"44":{"start":{"line":116,"column":2},"end":{"line":156,"column":3}},"45":{"start":{"line":117,"column":4},"end":{"line":155,"column":5}},"46":{"start":{"line":119,"column":6},"end":{"line":119,"column":24}},"47":{"start":{"line":121,"column":18},"end":{"line":121,"column":65}},"48":{"start":{"line":123,"column":6},"end":{"line":125,"column":7}},"49":{"start":{"line":124,"column":8},"end":{"line":124,"column":17}},"50":{"start":{"line":127,"column":6},"end":{"line":129,"column":7}},"51":{"start":{"line":128,"column":8},"end":{"line":128,"column":17}},"52":{"start":{"line":131,"column":19},"end":{"line":131,"column":45}},"53":{"start":{"line":132,"column":30},"end":{"line":132,"column":72}},"54":{"start":{"line":133,"column":38},"end":{"line":133,"column":44}},"55":{"start":{"line":134,"column":18},"end":{"line":134,"column":32}},"56":{"start":{"line":136,"column":6},"end":{"line":148,"column":7}},"57":{"start":{"line":137,"column":8},"end":{"line":137,"column":25}},"58":{"start":{"line":138,"column":13},"end":{"line":148,"column":7}},"59":{"start":{"line":139,"column":8},"end":{"line":139,"column":14}},"60":{"start":{"line":140,"column":20},"end":{"line":140,"column":51}},"61":{"start":{"line":141,"column":20},"end":{"line":145,"column":31}},"62":{"start":{"line":146,"column":20},"end":{"line":146,"column":39}},"63":{"start":{"line":147,"column":8},"end":{"line":147,"column":86}},"64":{"start":{"line":150,"column":6},"end":{"line":150,"column":14}},"65":{"start":{"line":151,"column":6},"end":{"line":151,"column":24}},"66":{"start":{"line":154,"column":6},"end":{"line":154,"column":25}},"67":{"start":{"line":158,"column":2},"end":{"line":158,"column":24}},"68":{"start":{"line":160,"column":2},"end":{"line":160,"column":72}},"69":{"start":{"line":161,"column":2},"end":{"line":190,"column":3}},"70":{"start":{"line":163,"column":4},"end":{"line":168,"column":5}},"71":{"start":{"line":165,"column":6},"end":{"line":167,"column":7}},"72":{"start":{"line":166,"column":8},"end":{"line":166,"column":51}},"73":{"start":{"line":170,"column":4},"end":{"line":180,"column":5}},"74":{"start":{"line":171,"column":6},"end":{"line":177,"column":11}},"75":{"start":{"line":179,"column":6},"end":{"line":179,"column":62}},"76":{"start":{"line":182,"column":4},"end":{"line":189,"column":5}},"77":{"start":{"line":183,"column":6},"end":{"line":188,"column":7}},"78":{"start":{"line":184,"column":8},"end":{"line":184,"column":28}},"79":{"start":{"line":185,"column":8},"end":{"line":185,"column":26}},"80":{"start":{"line":187,"column":8},"end":{"line":187,"column":27}},"81":{"start":{"line":193,"column":0},"end":{"line":193,"column":26}}},"fnMap":{"0":{"name":"help","decl":{"start":{"line":12,"column":9},"end":{"line":12,"column":13}},"loc":{"start":{"line":12,"column":16},"end":{"line":22,"column":1}},"line":12},"1":{"name":"numsort","decl":{"start":{"line":24,"column":9},"end":{"line":24,"column":16}},"loc":{"start":{"line":24,"column":23},"end":{"line":32,"column":1}},"line":24},"2":{"name":"getInput","decl":{"start":{"line":34,"column":15},"end":{"line":34,"column":23}},"loc":{"start":{"line":34,"column":33},"end":{"line":46,"column":1}},"line":34},"3":{"name":"(anonymous_3)","decl":{"start":{"line":35,"column":21},"end":{"line":35,"column":22}},"loc":{"start":{"line":35,"column":34},"end":{"line":45,"column":3}},"line":35},"4":{"name":"(anonymous_4)","decl":{"start":{"line":41,"column":45},"end":{"line":41,"column":46}},"loc":{"start":{"line":41,"column":57},"end":{"line":44,"column":5}},"line":41},"5":{"name":"getConfirm","decl":{"start":{"line":48,"column":15},"end":{"line":48,"column":25}},"loc":{"start":{"line":48,"column":35},"end":{"line":53,"column":1}},"line":48},"6":{"name":"mp3dupes","decl":{"start":{"line":55,"column":15},"end":{"line":55,"column":23}},"loc":{"start":{"line":55,"column":45},"end":{"line":191,"column":1}},"line":55},"7":{"name":"getPath","decl":{"start":{"line":57,"column":11},"end":{"line":57,"column":18}},"loc":{"start":{"line":57,"column":25},"end":{"line":62,"column":3}},"line":57}},"branchMap":{"0":{"loc":{"start":{"line":50,"column":2},"end":{"line":52,"column":3}},"type":"if","locations":[{"start":{"line":50,"column":2},"end":{"line":52,"column":3}},{"start":{"line":50,"column":2},"end":{"line":52,"column":3}}],"line":50},"1":{"loc":{"start":{"line":50,"column":6},"end":{"line":50,"column":38}},"type":"binary-expr","locations":[{"start":{"line":50,"column":6},"end":{"line":50,"column":20}},{"start":{"line":50,"column":24},"end":{"line":50,"column":38}}],"line":50},"2":{"loc":{"start":{"line":55,"column":24},"end":{"line":55,"column":43}},"type":"default-arg","locations":[{"start":{"line":55,"column":31},"end":{"line":55,"column":43}}],"line":55},"3":{"loc":{"start":{"line":60,"column":6},"end":{"line":60,"column":35}},"type":"binary-expr","locations":[{"start":{"line":60,"column":6},"end":{"line":60,"column":10}},{"start":{"line":60,"column":15},"end":{"line":60,"column":34}}],"line":60},"4":{"loc":{"start":{"line":74,"column":4},"end":{"line":74,"column":19}},"type":"default-arg","locations":[{"start":{"line":74,"column":14},"end":{"line":74,"column":19}}],"line":74},"5":{"loc":{"start":{"line":75,"column":4},"end":{"line":75,"column":18}},"type":"default-arg","locations":[{"start":{"line":75,"column":13},"end":{"line":75,"column":18}}],"line":75},"6":{"loc":{"start":{"line":76,"column":4},"end":{"line":76,"column":18}},"type":"default-arg","locations":[{"start":{"line":76,"column":13},"end":{"line":76,"column":18}}],"line":76},"7":{"loc":{"start":{"line":80,"column":2},"end":{"line":83,"column":3}},"type":"if","locations":[{"start":{"line":80,"column":2},"end":{"line":83,"column":3}},{"start":{"line":80,"column":2},"end":{"line":83,"column":3}}],"line":80},"8":{"loc":{"start":{"line":92,"column":2},"end":{"line":96,"column":3}},"type":"if","locations":[{"start":{"line":92,"column":2},"end":{"line":96,"column":3}},{"start":{"line":92,"column":2},"end":{"line":96,"column":3}}],"line":92},"9":{"loc":{"start":{"line":104,"column":2},"end":{"line":112,"column":3}},"type":"if","locations":[{"start":{"line":104,"column":2},"end":{"line":112,"column":3}},{"start":{"line":104,"column":2},"end":{"line":112,"column":3}}],"line":104},"10":{"loc":{"start":{"line":104,"column":6},"end":{"line":104,"column":25}},"type":"binary-expr","locations":[{"start":{"line":104,"column":6},"end":{"line":104,"column":13}},{"start":{"line":104,"column":17},"end":{"line":104,"column":25}}],"line":104},"11":{"loc":{"start":{"line":119,"column":6},"end":{"line":119,"column":23}},"type":"binary-expr","locations":[{"start":{"line":119,"column":6},"end":{"line":119,"column":9}},{"start":{"line":119,"column":13},"end":{"line":119,"column":23}}],"line":119},"12":{"loc":{"start":{"line":123,"column":6},"end":{"line":125,"column":7}},"type":"if","locations":[{"start":{"line":123,"column":6},"end":{"line":125,"column":7}},{"start":{"line":123,"column":6},"end":{"line":125,"column":7}}],"line":123},"13":{"loc":{"start":{"line":127,"column":6},"end":{"line":129,"column":7}},"type":"if","locations":[{"start":{"line":127,"column":6},"end":{"line":129,"column":7}},{"start":{"line":127,"column":6},"end":{"line":129,"column":7}}],"line":127},"14":{"loc":{"start":{"line":132,"column":14},"end":{"line":132,"column":25}},"type":"default-arg","locations":[{"start":{"line":132,"column":23},"end":{"line":132,"column":25}}],"line":132},"15":{"loc":{"start":{"line":133,"column":14},"end":{"line":133,"column":33}},"type":"default-arg","locations":[{"start":{"line":133,"column":22},"end":{"line":133,"column":33}}],"line":133},"16":{"loc":{"start":{"line":134,"column":18},"end":{"line":134,"column":32}},"type":"binary-expr","locations":[{"start":{"line":134,"column":18},"end":{"line":134,"column":27}},{"start":{"line":134,"column":31},"end":{"line":134,"column":32}}],"line":134},"17":{"loc":{"start":{"line":136,"column":6},"end":{"line":148,"column":7}},"type":"if","locations":[{"start":{"line":136,"column":6},"end":{"line":148,"column":7}},{"start":{"line":136,"column":6},"end":{"line":148,"column":7}}],"line":136},"18":{"loc":{"start":{"line":138,"column":13},"end":{"line":148,"column":7}},"type":"if","locations":[{"start":{"line":138,"column":13},"end":{"line":148,"column":7}},{"start":{"line":138,"column":13},"end":{"line":148,"column":7}}],"line":138},"19":{"loc":{"start":{"line":161,"column":2},"end":{"line":190,"column":3}},"type":"if","locations":[{"start":{"line":161,"column":2},"end":{"line":190,"column":3}},{"start":{"line":161,"column":2},"end":{"line":190,"column":3}}],"line":161},"20":{"loc":{"start":{"line":163,"column":4},"end":{"line":168,"column":5}},"type":"if","locations":[{"start":{"line":163,"column":4},"end":{"line":168,"column":5}},{"start":{"line":163,"column":4},"end":{"line":168,"column":5}}],"line":163},"21":{"loc":{"start":{"line":170,"column":4},"end":{"line":180,"column":5}},"type":"if","locations":[{"start":{"line":170,"column":4},"end":{"line":180,"column":5}},{"start":{"line":170,"column":4},"end":{"line":180,"column":5}}],"line":170},"22":{"loc":{"start":{"line":185,"column":8},"end":{"line":185,"column":25}},"type":"binary-expr","locations":[{"start":{"line":185,"column":8},"end":{"line":185,"column":11}},{"start":{"line":185,"column":15},"end":{"line":185,"column":25}}],"line":185}},"s":{"0":1,"1":1,"2":1,"3":1,"4":1,"5":1,"6":1,"7":1,"8":1,"9":1,"10":2,"11":18,"12":18,"13":10,"14":10,"15":8,"16":0,"17":0,"18":0,"19":0,"20":0,"21":0,"22":0,"23":0,"24":0,"25":3,"26":3,"27":2,"28":2,"29":2,"30":2,"31":1,"32":1,"33":1,"34":1,"35":1,"36":1,"37":0,"38":0,"39":1,"40":1,"41":0,"42":1,"43":1,"44":1,"45":9,"46":9,"47":9,"48":9,"49":0,"50":9,"51":1,"52":8,"53":8,"54":8,"55":8,"56":8,"57":3,"58":5,"59":5,"60":5,"61":5,"62":5,"63":5,"64":8,"65":8,"66":0,"67":1,"68":1,"69":1,"70":1,"71":0,"72":0,"73":1,"74":0,"75":0,"76":1,"77":3,"78":3,"79":3,"80":0,"81":1},"f":{"0":2,"1":18,"2":0,"3":0,"4":0,"5":0,"6":2,"7":3},"b":{"0":[0,0],"1":[0,0],"2":[0],"3":[2,1],"4":[2],"5":[1],"6":[1],"7":[1,1],"8":[0,1],"9":[0,1],"10":[1,0],"11":[9,0],"12":[0,9],"13":[1,8],"14":[0],"15":[2],"16":[8,5],"17":[3,5],"18":[5,0],"19":[1,0],"20":[0,1],"21":[0,1],"22":[3,0]},"_coverageSchema":"43e27e138ebf9cfc5966b082cf9a028302ed4184","hash":"32f1923ce81e29c5595077235c5d88243121ee8b"}
}
