TN:
SF:/home/travis/build/sdescarries/mp3dupes/src/mp3dupes.js
FN:12,help
FN:24,numsort
FN:34,getInput
FN:35,(anonymous_3)
FN:41,(anonymous_4)
FN:48,getConfirm
FN:55,mp3dupes
FN:57,getPath
FNF:8
FNH:4
FNDA:2,help
FNDA:18,numsort
FNDA:0,getInput
FNDA:0,(anonymous_3)
FNDA:0,(anonymous_4)
FNDA:0,getConfirm
FNDA:2,mp3dupes
FNDA:3,getPath
DA:1,1
DA:2,1
DA:3,1
DA:4,1
DA:5,1
DA:6,1
DA:7,1
DA:8,1
DA:9,1
DA:10,1
DA:13,2
DA:25,18
DA:26,18
DA:27,10
DA:28,10
DA:30,8
DA:35,0
DA:36,0
DA:37,0
DA:41,0
DA:42,0
DA:43,0
DA:49,0
DA:50,0
DA:51,0
DA:58,3
DA:59,3
DA:60,2
DA:64,2
DA:78,2
DA:80,2
DA:81,1
DA:82,1
DA:85,1
DA:89,1
DA:91,1
DA:92,1
DA:93,0
DA:94,0
DA:98,1
DA:104,1
DA:105,0
DA:114,1
DA:115,1
DA:116,1
DA:117,9
DA:119,9
DA:121,9
DA:123,9
DA:124,0
DA:127,9
DA:128,1
DA:131,8
DA:132,8
DA:133,8
DA:134,8
DA:136,8
DA:137,3
DA:138,5
DA:139,5
DA:140,5
DA:141,5
DA:146,5
DA:147,5
DA:150,8
DA:151,8
DA:154,0
DA:158,1
DA:160,1
DA:161,1
DA:163,1
DA:165,0
DA:166,0
DA:170,1
DA:171,0
DA:179,0
DA:182,1
DA:183,3
DA:184,3
DA:185,3
DA:187,0
DA:193,1
LF:82
LH:63
BRDA:50,0,0,0
BRDA:50,0,1,0
BRDA:50,1,0,0
BRDA:50,1,1,0
BRDA:55,2,0,0
BRDA:60,3,0,2
BRDA:60,3,1,1
BRDA:74,4,0,2
BRDA:75,5,0,1
BRDA:76,6,0,1
BRDA:80,7,0,1
BRDA:80,7,1,1
BRDA:92,8,0,0
BRDA:92,8,1,1
BRDA:104,9,0,0
BRDA:104,9,1,1
BRDA:104,10,0,1
BRDA:104,10,1,0
BRDA:119,11,0,9
BRDA:119,11,1,0
BRDA:123,12,0,0
BRDA:123,12,1,9
BRDA:127,13,0,1
BRDA:127,13,1,8
BRDA:132,14,0,0
BRDA:133,15,0,2
BRDA:134,16,0,8
BRDA:134,16,1,5
BRDA:136,17,0,3
BRDA:136,17,1,5
BRDA:138,18,0,5
BRDA:138,18,1,0
BRDA:161,19,0,1
BRDA:161,19,1,0
BRDA:163,20,0,0
BRDA:163,20,1,1
BRDA:170,21,0,0
BRDA:170,21,1,1
BRDA:185,22,0,3
BRDA:185,22,1,0
BRF:40
BRH:24
end_of_record
